[2026-03-30 19:05:14] INFO: DB 초기화 완료
[2026-03-30 19:05:14] INFO: 서버 실행 중: http://localhost:3001
[2026-03-30 19:05:14] INFO: Transfer 이벤트 리스너 시작됨
[2026-03-30 19:07:16] INFO: DB 초기화 완료
[2026-03-30 19:07:16] INFO: 서버 실행 중: http://localhost:3001
[2026-03-30 19:07:16] INFO: Transfer 이벤트 리스너 시작됨
[2026-03-30 19:09:24] INFO: DB 초기화 완료
[2026-03-30 19:09:24] INFO: 서버 실행 중: http://localhost:3001
[2026-03-30 19:09:24] INFO: Transfer 이벤트 리스너 시작됨
[2026-03-30 19:11:02] INFO: DB 초기화 완료
[2026-03-30 19:11:02] INFO: 서버 실행 중: http://localhost:3001
[2026-03-30 19:11:02] INFO: Transfer 이벤트 리스너 시작됨
[2026-03-30 19:11:13] INFO: DB 초기화 완료
[2026-03-30 19:11:13] INFO: 서버 실행 중: http://localhost:3001
[2026-03-30 19:11:13] INFO: Transfer 이벤트 리스너 시작됨
[2026-03-30 19:14:25] INFO: DB 초기화 완료
[2026-03-30 19:14:25] INFO: 서버 실행 중: http://localhost:3001
[2026-03-30 19:14:25] INFO: Transfer 이벤트 리스너 시작됨
[2026-03-30 19:14:42] INFO: DB 초기화 완료
[2026-03-30 19:14:42] INFO: 서버 실행 중: http://localhost:3001
[2026-03-30 19:14:42] INFO: Transfer 이벤트 리스너 시작됨
[2026-03-30 19:16:18] INFO: DB 초기화 완료
[2026-03-30 19:16:18] INFO: 서버 실행 중: http://localhost:3001
[2026-03-30 19:16:18] INFO: Transfer 이벤트 리스너 시작됨
[2026-03-30 19:16:23] INFO: DB 초기화 완료
[2026-03-30 19:16:23] INFO: 서버 실행 중: http://localhost:3001
[2026-03-30 19:16:23] INFO: Transfer 이벤트 리스너 시작됨
[2026-03-30 19:16:29] ERROR: 소유권 확인 실패 — tokenId=1 err=no matching fragment (operation="fragment", info={ "args": [ "0x4187Cf6910659B75D9e90072304A5721A3Ef0E5b", 1 ], "key": "hasAccess" }, code=UNSUPPORTED_OPERATION, version=6.16.0)
[2026-03-30 19:16:29] WARN: 접근 차단 — NFT 미보유 wallet=0x4187Cf... tokenId=1
[2026-03-30 19:22:13] INFO: DB 초기화 완료
[2026-03-30 19:22:13] INFO: 서버 실행 중: http://localhost:3001
[2026-03-30 19:22:13] INFO: Transfer 이벤트 리스너 시작됨
[2026-03-30 19:26:05] INFO: DB 초기화 완료
[2026-03-30 19:26:05] INFO: 서버 실행 중: http://localhost:3001
[2026-03-30 19:26:05] INFO: Transfer 이벤트 리스너 시작됨
[2026-03-30 19:26:08] INFO: DB 초기화 완료
[2026-03-30 19:26:08] INFO: 서버 실행 중: http://localhost:3001
[2026-03-30 19:26:08] INFO: Transfer 이벤트 리스너 시작됨
[2026-03-30 19:26:24] INFO: DB 초기화 완료
[2026-03-30 19:26:24] INFO: 서버 실행 중: http://localhost:3001
[2026-03-30 19:26:24] INFO: Transfer 이벤트 리스너 시작됨
[2026-03-30 19:29:48] INFO: DB 초기화 완료
[2026-03-30 19:29:48] INFO: 서버 실행 중: http://localhost:3001
[2026-03-30 19:29:48] INFO: Transfer 이벤트 리스너 시작됨
[2026-03-30 19:30:19] INFO: DB 초기화 완료
[2026-03-30 19:30:19] INFO: 서버 실행 중: http://localhost:3001
[2026-03-30 19:30:19] INFO: Transfer 이벤트 리스너 시작됨
